<?xml version="1.0" encoding="UTF-8"?>
<testsuite name="dhbw.leftlovers.service.uaa.UaaApplicationTests" tests="1" skipped="0" failures="0" errors="0" timestamp="2018-03-14T12:32:45" hostname="PC46678" time="0.047">
  <properties/>
  <testcase name="contextLoads" classname="dhbw.leftlovers.service.uaa.UaaApplicationTests" time="0.047"/>
  <system-out><![CDATA[13:32:37.650 [Test worker] DEBUG org.springframework.test.context.junit4.SpringJUnit4ClassRunner - SpringJUnit4ClassRunner constructor called with [class dhbw.leftlovers.service.uaa.UaaApplicationTests]
13:32:37.662 [Test worker] DEBUG org.springframework.test.context.BootstrapUtils - Instantiating CacheAwareContextLoaderDelegate from class [org.springframework.test.context.cache.DefaultCacheAwareContextLoaderDelegate]
13:32:37.676 [Test worker] DEBUG org.springframework.test.context.BootstrapUtils - Instantiating BootstrapContext using constructor [public org.springframework.test.context.support.DefaultBootstrapContext(java.lang.Class,org.springframework.test.context.CacheAwareContextLoaderDelegate)]
13:32:37.703 [Test worker] DEBUG org.springframework.test.context.BootstrapUtils - Instantiating TestContextBootstrapper for test class [dhbw.leftlovers.service.uaa.UaaApplicationTests] from class [org.springframework.boot.test.context.SpringBootTestContextBootstrapper]
13:32:37.788 [Test worker] INFO org.springframework.boot.test.context.SpringBootTestContextBootstrapper - Neither @ContextConfiguration nor @ContextHierarchy found for test class [dhbw.leftlovers.service.uaa.UaaApplicationTests], using SpringBootContextLoader
13:32:37.795 [Test worker] DEBUG org.springframework.test.context.support.AbstractContextLoader - Did not detect default resource location for test class [dhbw.leftlovers.service.uaa.UaaApplicationTests]: class path resource [dhbw/leftlovers/service/uaa/UaaApplicationTests-context.xml] does not exist
13:32:37.796 [Test worker] DEBUG org.springframework.test.context.support.AbstractContextLoader - Did not detect default resource location for test class [dhbw.leftlovers.service.uaa.UaaApplicationTests]: class path resource [dhbw/leftlovers/service/uaa/UaaApplicationTestsContext.groovy] does not exist
13:32:37.796 [Test worker] INFO org.springframework.test.context.support.AbstractContextLoader - Could not detect default resource locations for test class [dhbw.leftlovers.service.uaa.UaaApplicationTests]: no resource found for suffixes {-context.xml, Context.groovy}.
13:32:37.797 [Test worker] INFO org.springframework.test.context.support.AnnotationConfigContextLoaderUtils - Could not detect default configuration classes for test class [dhbw.leftlovers.service.uaa.UaaApplicationTests]: UaaApplicationTests does not declare any static, non-private, non-final, nested classes annotated with @Configuration.
13:32:37.855 [Test worker] DEBUG org.springframework.test.context.support.ActiveProfilesUtils - Could not find an 'annotation declaring class' for annotation type [org.springframework.test.context.ActiveProfiles] and class [dhbw.leftlovers.service.uaa.UaaApplicationTests]
13:32:37.867 [Test worker] DEBUG org.springframework.core.env.StandardEnvironment - Adding PropertySource 'systemProperties' with lowest search precedence
13:32:37.867 [Test worker] DEBUG org.springframework.core.env.StandardEnvironment - Adding PropertySource 'systemEnvironment' with lowest search precedence
13:32:37.868 [Test worker] DEBUG org.springframework.core.env.StandardEnvironment - Initialized StandardEnvironment with PropertySources [MapPropertySource@1458624765 {name='systemProperties', properties={java.runtime.name=Java(TM) SE Runtime Environment, sun.boot.library.path=C:\Program Files\Java\jdk1.8.0_101\jre\bin, java.vm.version=25.101-b13, java.vm.vendor=Oracle Corporation, java.vendor.url=http://java.oracle.com/, path.separator=;, java.vm.name=Java HotSpot(TM) 64-Bit Server VM, file.encoding.pkg=sun.io, user.script=, sun.java.launcher=SUN_STANDARD, user.country=DE, sun.os.patch.level=Service Pack 1, java.vm.specification.name=Java Virtual Machine Specification, user.dir=C:\Users\hassed\Desktop\Studium\Uni\4\Webbassierte Datenbankanwendung\leftloversUserService, java.runtime.version=1.8.0_101-b13, java.awt.graphicsenv=sun.awt.Win32GraphicsEnvironment, java.endorsed.dirs=C:\Program Files\Java\jdk1.8.0_101\jre\lib\endorsed, os.arch=amd64, java.io.tmpdir=C:\Users\hassed\AppData\Local\Temp\, line.separator=
, java.vm.specification.vendor=Oracle Corporation, user.variant=, os.name=Windows 7, sun.jnu.encoding=Cp1252, java.library.path=C:\Program Files\Java\jdk1.8.0_101\bin;C:\Windows\Sun\Java\bin;C:\Windows\system32;C:\Windows;C:\Users\hassed\bin;C:\Program Files\Git\mingw64\bin;C:\Program Files\Git\usr\local\bin;C:\Program Files\Git\usr\bin;C:\Program Files\Git\usr\bin;C:\Program Files\Git\mingw64\bin;C:\Program Files\Git\usr\bin;C:\Users\hassed\bin;C:\ProgramData\Oracle\Java\javapath;C:\Program Files (x86)\Intel\iCLS Client;C:\Program Files\Intel\iCLS Client;C:\Windows\system32;C:\Windows;C:\Windows\System32\Wbem;C:\Windows\System32\WindowsPowerShell\v1.0;C:\Program Files (x86)\Intel\Intel(R) Management Engine Components\DAL;C:\Program Files\Intel\Intel(R) Management Engine Components\DAL;C:\Program Files (x86)\Intel\Intel(R) Management Engine Components\IPT;C:\Program Files\Intel\Intel(R) Management Engine Components\IPT;C:\Program Files\Git\cmd;C:\Users\hassed\Desktop\Studium\Projects\Standort_App_Frankfurt\API\API_Test\Exchange\apache-maven-3.5.0\bin;C:\Program Files (x86)\GtkSharp\2.12\bin;C:\Go\bin;C:\Program Files\apache-maven-3.5.2\bin;C:\Program Files\nodejs;C:\Program Files (x86)\Microsoft VS Code\bin;C:\Program Files\apache-maven-3.5.2\bin;C:\Users\hassed\AppData\Roaming\npm;C:\Program Files\Heroku\bin;C:\Program Files\Git\usr\bin\vendor_perl;C:\Program Files\Git\usr\bin\core_perl;., java.specification.name=Java Platform API Specification, java.class.version=52.0, org.gradle.native=false, sun.management.compiler=HotSpot 64-Bit Tiered Compilers, os.version=6.1, user.home=C:\Users\hassed, user.timezone=Europe/Berlin, java.awt.printerjob=sun.awt.windows.WPrinterJob, file.encoding=windows-1252, java.specification.version=1.8, java.class.path=C:\Users\hassed\Desktop\Studium\Uni\4\Webbassierte Datenbankanwendung\leftloversUserService\build\classes\java\test;C:\Users\hassed\Desktop\Studium\Uni\4\Webbassierte Datenbankanwendung\leftloversUserService\build\resources\test;C:\Users\hassed\Desktop\Studium\Uni\4\Webbassierte Datenbankanwendung\leftloversUserService\build\classes\java\main;C:\Users\hassed\Desktop\Studium\Uni\4\Webbassierte Datenbankanwendung\leftloversUserService\build\resources\main;C:\Users\hassed\.gradle\caches\modules-2\files-2.1\org.springframework.boot\spring-boot-starter-data-jpa\1.5.10.RELEASE\ca30f9060231d3161d325580098d326754a2f4e1\spring-boot-starter-data-jpa-1.5.10.RELEASE.jar;C:\Users\hassed\.gradle\caches\modules-2\files-2.1\org.springframework.boot\spring-boot-starter-security\1.5.10.RELEASE\92fd7261c5cd66b95854bb7d90c131b19e394412\spring-boot-starter-security-1.5.10.RELEASE.jar;C:\Users\hassed\.gradle\caches\modules-2\files-2.1\org.springframework.boot\spring-boot-starter-web\1.5.10.RELEASE\8bc445f3ee81e5322e46b28cbb33bca1800b69d9\spring-boot-starter-web-1.5.10.RELEASE.jar;C:\Users\hassed\.gradle\caches\modules-2\files-2.1\org.springframework.boot\spring-boot-starter-aop\1.5.10.RELEASE\2e58fd451d9e89a539a2c15efc5089d81dd7a686\spring-boot-starter-aop-1.5.10.RELEASE.jar;C:\Users\hassed\.gradle\caches\modules-2\files-2.1\org.springframework.boot\spring-boot-starter-jdbc\1.5.10.RELEASE\f78396b57f70a0ca8422bcbe8959aa49baf49023\spring-boot-starter-jdbc-1.5.10.RELEASE.jar;C:\Users\hassed\.gradle\caches\modules-2\files-2.1\org.springframework.boot\spring-boot-starter\1.5.10.RELEASE\d935ac98f84c1d97d7ccd702d21abdc236fa7aa0\spring-boot-starter-1.5.10.RELEASE.jar;C:\Users\hassed\.gradle\caches\modules-2\files-2.1\com.google.code.gson\gson\2.8.2\3edcfe49d2c6053a70a2a47e4e1c2f94998a49cf\gson-2.8.2.jar;C:\Users\hassed\.gradle\caches\modules-2\files-2.1\io.jsonwebtoken\jjwt\0.7.0\f042fe2676bfdc2091545152e47d77e11999946d\jjwt-0.7.0.jar;C:\Users\hassed\.gradle\caches\modules-2\files-2.1\io.springfox\springfox-swagger2\2.8.0\27fbca30912258ce0e31cd56361f732f6c27d5ff\springfox-swagger2-2.8.0.jar;C:\Users\hassed\.gradle\caches\modules-2\files-2.1\io.springfox\springfox-swagger-ui\2.8.0\2b895560df9cd70a2e93119188981b004b4e2ad5\springfox-swagger-ui-2.8.0.jar;C:\Users\hassed\.gradle\caches\modules-2\files-2.1\com.h2database\h2\1.4.196\dd0034398d593aa3588c6773faac429bbd9aea0e\h2-1.4.196.jar;C:\Users\hassed\.gradle\caches\modules-2\files-2.1\org.springframework.boot\spring-boot-starter-test\1.5.10.RELEASE\d4e1be51061d71b55f4bd4458d8437d1b943a70\spring-boot-starter-test-1.5.10.RELEASE.jar;C:\Users\hassed\.gradle\caches\modules-2\files-2.1\org.springframework.security\spring-security-test\4.2.4.RELEASE\8ad59a5bb29d391387077cf38c029dce974194db\spring-security-test-4.2.4.RELEASE.jar;C:\Users\hassed\.gradle\caches\modules-2\files-2.1\org.hibernate\hibernate-entitymanager\5.0.12.Final\302a526f5058290e9cbd719a5caf9f248d344719\hibernate-entitymanager-5.0.12.Final.jar;C:\Users\hassed\.gradle\caches\modules-2\files-2.1\org.hibernate\hibernate-core\5.0.12.Final\e58bf1c660e6706d8e2cbb53bae110f574366102\hibernate-core-5.0.12.Final.jar;C:\Users\hassed\.gradle\caches\modules-2\files-2.1\javax.transaction\javax.transaction-api\1.2\d81aff979d603edd90dcd8db2abc1f4ce6479e3e\javax.transaction-api-1.2.jar;C:\Users\hassed\.gradle\caches\modules-2\files-2.1\org.springframework.data\spring-data-jpa\1.11.10.RELEASE\82ec646adc5d33b7b1d8f52e90c0ea030f0888ca\spring-data-jpa-1.11.10.RELEASE.jar;C:\Users\hassed\.gradle\caches\modules-2\files-2.1\org.springframework\spring-aspects\4.3.14.RELEASE\e2d10895e7142dd4c5e979407fe4539146429618\spring-aspects-4.3.14.RELEASE.jar;C:\Users\hassed\.gradle\caches\modules-2\files-2.1\org.springframework.security\spring-security-config\4.2.4.RELEASE\309ce9b5bb4b1aee06e67517dabfd568b59678cf\spring-security-config-4.2.4.RELEASE.jar;C:\Users\hassed\.gradle\caches\modules-2\files-2.1\org.springframework.security\spring-security-web\4.2.4.RELEASE\939ba20911e1c12b288dde665ba1d4d6925a85e4\spring-security-web-4.2.4.RELEASE.jar;C:\Users\hassed\.gradle\caches\modules-2\files-2.1\org.springframework\spring-webmvc\4.3.14.RELEASE\1571eab8a807005d424ca16fedd54b1f439787b2\spring-webmvc-4.3.14.RELEASE.jar;C:\Users\hassed\.gradle\caches\modules-2\files-2.1\org.springframework\spring-web\4.3.14.RELEASE\a0c3bf3ad661db185675bd5af350f35ed11f0903\spring-web-4.3.14.RELEASE.jar;C:\Users\hassed\.gradle\caches\modules-2\files-2.1\io.springfox\springfox-swagger-common\2.8.0\e0fc6a0096eb8d40fac7cc8206ddbb2fe73051d2\springfox-swagger-common-2.8.0.jar;C:\Users\hassed\.gradle\caches\modules-2\files-2.1\io.springfox\springfox-spring-web\2.8.0\cb2ce464b07919158dde1ad40f72cca9c364559b\springfox-spring-web-2.8.0.jar;C:\Users\hassed\.gradle\caches\modules-2\files-2.1\io.springfox\springfox-schema\2.8.0\70ed8275e2277bffe269c8dbd688f54464bf1222\springfox-schema-2.8.0.jar;C:\Users\hassed\.gradle\caches\modules-2\files-2.1\io.springfox\springfox-spi\2.8.0\efe49b45357dd9f6c27799a5f7f5ba1ce6bdc05f\springfox-spi-2.8.0.jar;C:\Users\hassed\.gradle\caches\modules-2\files-2.1\io.springfox\springfox-core\2.8.0\5f0fbaa34cc01dfca7089000c4943629d7e1c9dc\springfox-core-2.8.0.jar;C:\Users\hassed\.gradle\caches\modules-2\files-2.1\org.springframework.plugin\spring-plugin-metadata\1.2.0.RELEASE\97223fc496b6cab31602eedbd4202aa4fff0d44f\spring-plugin-metadata-1.2.0.RELEASE.jar;C:\Users\hassed\.gradle\caches\modules-2\files-2.1\org.springframework.plugin\spring-plugin-core\1.2.0.RELEASE\f380e7760032e7d929184f8ad8a33716b75c0657\spring-plugin-core-1.2.0.RELEASE.jar;C:\Users\hassed\.gradle\caches\modules-2\files-2.1\org.springframework.security\spring-security-core\4.2.4.RELEASE\ce6b196526d5029a349897cd0b583dcf93af144\spring-security-core-4.2.4.RELEASE.jar;C:\Users\hassed\.gradle\caches\modules-2\files-2.1\org.springframework.boot\spring-boot-test-autoconfigure\1.5.10.RELEASE\55242f7c194fb141de8460a92e92b716469fc3a8\spring-boot-test-autoconfigure-1.5.10.RELEASE.jar;C:\Users\hassed\.gradle\caches\modules-2\files-2.1\org.springframework.boot\spring-boot-test\1.5.10.RELEASE\b7f28e8896906f0bbbb951727a7c5581c562d1c9\spring-boot-test-1.5.10.RELEASE.jar;C:\Users\hassed\.gradle\caches\modules-2\files-2.1\org.springframework.boot\spring-boot-autoconfigure\1.5.10.RELEASE\be96efab0d35181f18c486b0ec8d6a41a7042fce\spring-boot-autoconfigure-1.5.10.RELEASE.jar;C:\Users\hassed\.gradle\caches\modules-2\files-2.1\org.springframework.boot\spring-boot\1.5.10.RELEASE\594b3efa04829f62754a19f59f81ba204636167a\spring-boot-1.5.10.RELEASE.jar;C:\Users\hassed\.gradle\caches\modules-2\files-2.1\org.springframework\spring-context\4.3.14.RELEASE\e50a712960926c30e537ef4a633f5d9dd5a8b155\spring-context-4.3.14.RELEASE.jar;C:\Users\hassed\.gradle\caches\modules-2\files-2.1\org.springframework\spring-aop\4.3.14.RELEASE\dfe55b0592aead8e3eb0e6a4e98db433b9e09bd7\spring-aop-4.3.14.RELEASE.jar;C:\Users\hassed\.gradle\caches\modules-2\files-2.1\org.springframework.boot\spring-boot-starter-tomcat\1.5.10.RELEASE\11e474e265f1c68fc435dddbac42ab3574b5e4b6\spring-boot-starter-tomcat-1.5.10.RELEASE.jar;C:\Users\hassed\.gradle\caches\modules-2\files-2.1\org.hibernate\hibernate-validator\5.3.6.Final\4c730be8bf55a8e9a61e79a2f2c079abf48b718\hibernate-validator-5.3.6.Final.jar;C:\Users\hassed\.gradle\caches\modules-2\files-2.1\com.fasterxml.jackson.core\jackson-databind\2.8.10\f7b83cb2bc4b88d53961e749e1ad32f49ef017b7\jackson-databind-2.8.10.jar;C:\Users\hassed\.gradle\caches\modules-2\files-2.1\org.springframework.boot\spring-boot-starter-logging\1.5.10.RELEASE\62c73688208b3173645d6701fc3eb95ca657e6c8\spring-boot-starter-logging-1.5.10.RELEASE.jar;C:\Users\hassed\.gradle\caches\modules-2\files-2.1\org.springframework\spring-test\4.3.14.RELEASE\1a7f6f51a263a3e09e94403653348b3864412c53\spring-test-4.3.14.RELEASE.jar;C:\Users\hassed\.gradle\caches\modules-2\files-2.1\org.springframework\spring-orm\4.3.14.RELEASE\721bc451d02070954ebee039d419b410c4697fcb\spring-orm-4.3.14.RELEASE.jar;C:\Users\hassed\.gradle\caches\modules-2\files-2.1\org.springframework\spring-jdbc\4.3.14.RELEASE\1b1b9045d9ec1e067d99bf158210e9e7cf2ebfd2\spring-jdbc-4.3.14.RELEASE.jar;C:\Users\hassed\.gradle\caches\modules-2\files-2.1\org.springframework.data\spring-data-commons\1.13.10.RELEASE\b732245a0902b561b0c33e54cd0f382e9ac444ed\spring-data-commons-1.13.10.RELEASE.jar;C:\Users\hassed\.gradle\caches\modules-2\files-2.1\org.springframework\spring-tx\4.3.14.RELEASE\1c9449fcb805837db3c706eab4c729f89688a267\spring-tx-4.3.14.RELEASE.jar;C:\Users\hassed\.gradle\caches\modules-2\files-2.1\org.springframework\spring-beans\4.3.14.RELEASE\7bcd17a68dd64e9447d7bff2c42ba7417678596e\spring-beans-4.3.14.RELEASE.jar;C:\Users\hassed\.gradle\caches\modules-2\files-2.1\org.springframework\spring-expression\4.3.14.RELEASE\58477b44debcb49b09e962e3047ee74c2c033e89\spring-expression-4.3.14.RELEASE.jar;C:\Users\hassed\.gradle\caches\modules-2\files-2.1\org.springframework\spring-core\4.3.14.RELEASE\c70ddb6204457a802d1f6882d65bca3e5b3c41df\spring-core-4.3.14.RELEASE.jar;C:\Users\hassed\.gradle\caches\modules-2\files-2.1\org.yaml\snakeyaml\1.17\7a27ea250c5130b2922b86dea63cbb1cc10a660c\snakeyaml-1.17.jar;C:\Users\hassed\.gradle\caches\modules-2\files-2.1\io.swagger\swagger-models\1.5.14\581d784b65e82cee5bf3e91d193d3f9c0c702453\swagger-models-1.5.14.jar;C:\Users\hassed\.gradle\caches\modules-2\files-2.1\io.swagger\swagger-annotations\1.5.14\989c19cd0a90768885532318ca5fd7ea16290cc8\swagger-annotations-1.5.14.jar;C:\Users\hassed\.gradle\caches\modules-2\files-2.1\org.reflections\reflections\0.9.11\4c686033d918ec1727e329b7222fcb020152e32b\reflections-0.9.11.jar;C:\Users\hassed\.gradle\caches\modules-2\files-2.1\com.google.guava\guava\20.0\89507701249388e1ed5ddcf8c41f4ce1be7831ef\guava-20.0.jar;C:\Users\hassed\.gradle\caches\modules-2\files-2.1\com.fasterxml\classmate\1.3.4\3d5f48f10bbe4eb7bd862f10c0583be2e0053c6\classmate-1.3.4.jar;C:\Users\hassed\.gradle\caches\modules-2\files-2.1\com.jayway.jsonpath\json-path\2.2.0\22290d17944bd239fabf5ac69005a60a7ecbbbcb\json-path-2.2.0.jar;C:\Users\hassed\.gradle\caches\modules-2\files-2.1\org.slf4j\jcl-over-slf4j\1.7.25\f8c32b13ff142a513eeb5b6330b1588dcb2c0461\jcl-over-slf4j-1.7.25.jar;C:\Users\hassed\.gradle\caches\modules-2\files-2.1\ch.qos.logback\logback-classic\1.1.11\ccedfbacef4a6515d2983e3f89ed753d5d4fb665\logback-classic-1.1.11.jar;C:\Users\hassed\.gradle\caches\modules-2\files-2.1\org.slf4j\jul-to-slf4j\1.7.25\af5364cd6679bfffb114f0dec8a157aaa283b76\jul-to-slf4j-1.7.25.jar;C:\Users\hassed\.gradle\caches\modules-2\files-2.1\org.slf4j\log4j-over-slf4j\1.7.25\a87bb47468f47ee7aabbd54f93e133d4215769c3\log4j-over-slf4j-1.7.25.jar;C:\Users\hassed\.gradle\caches\modules-2\files-2.1\org.slf4j\slf4j-api\1.7.25\da76ca59f6a57ee3102f8f9bd9cee742973efa8a\slf4j-api-1.7.25.jar;C:\Users\hassed\.gradle\caches\modules-2\files-2.1\org.mapstruct\mapstruct\1.2.0.Final\8609d6eb044e9f6c73cb24c8f2f4ed5c72a249c7\mapstruct-1.2.0.Final.jar;C:\Users\hassed\.gradle\caches\modules-2\files-2.1\junit\junit\4.12\2973d150c0dc1fefe998f834810d68f278ea58ec\junit-4.12.jar;C:\Users\hassed\.gradle\caches\modules-2\files-2.1\org.assertj\assertj-core\2.6.0\b532c3fc4f66bcfee4989a3514f1cd56203a33ad\assertj-core-2.6.0.jar;C:\Users\hassed\.gradle\caches\modules-2\files-2.1\org.mockito\mockito-core\1.10.19\e8546f5bef4e061d8dd73895b4e8f40e3fe6effe\mockito-core-1.10.19.jar;C:\Users\hassed\.gradle\caches\modules-2\files-2.1\org.hamcrest\hamcrest-library\1.3\4785a3c21320980282f9f33d0d1264a69040538f\hamcrest-library-1.3.jar;C:\Users\hassed\.gradle\caches\modules-2\files-2.1\org.hamcrest\hamcrest-core\1.3\42a25dc3219429f0e5d060061f71acb49bf010a0\hamcrest-core-1.3.jar;C:\Users\hassed\.gradle\caches\modules-2\files-2.1\org.skyscreamer\jsonassert\1.4.0\9cdbb373a06f6513e51e8c545ee6a5e981463edb\jsonassert-1.4.0.jar;C:\Users\hassed\.gradle\caches\modules-2\files-2.1\org.aspectj\aspectjweaver\1.8.13\ad94df2a28d658a40dc27bbaff6a1ce5fbf04e9b\aspectjweaver-1.8.13.jar;C:\Users\hassed\.gradle\caches\modules-2\files-2.1\org.apache.tomcat\tomcat-jdbc\8.5.27\f37dfae9e9afb6b2742e04a401e32264c5fec0ec\tomcat-jdbc-8.5.27.jar;C:\Users\hassed\.gradle\caches\modules-2\files-2.1\org.hibernate.common\hibernate-commons-annotations\5.0.1.Final\71e1cff3fcb20d3b3af4f3363c3ddb24d33c6879\hibernate-commons-annotations-5.0.1.Final.jar;C:\Users\hassed\.gradle\caches\modules-2\files-2.1\org.jboss.logging\jboss-logging\3.3.1.Final\c46217ab74b532568c0ed31dc599db3048bd1b67\jboss-logging-3.3.1.Final.jar;C:\Users\hassed\.gradle\caches\modules-2\files-2.1\org.hibernate.javax.persistence\hibernate-jpa-2.1-api\1.0.0.Final\5e731d961297e5a07290bfaf3db1fbc8bbbf405a\hibernate-jpa-2.1-api-1.0.0.Final.jar;C:\Users\hassed\.gradle\caches\modules-2\files-2.1\org.javassist\javassist\3.21.0-GA\598244f595db5c5fb713731eddbb1c91a58d959b\javassist-3.21.0-GA.jar;C:\Users\hassed\.gradle\caches\modules-2\files-2.1\antlr\antlr\2.7.7\83cd2cd674a217ade95a4bb83a8a14f351f48bd0\antlr-2.7.7.jar;C:\Users\hassed\.gradle\caches\modules-2\files-2.1\org.jboss\jandex\2.0.0.Final\3e899258936f94649c777193e1be846387ed54b3\jandex-2.0.0.Final.jar;C:\Users\hassed\.gradle\caches\modules-2\files-2.1\dom4j\dom4j\1.6.1\5d3ccc056b6f056dbf0dddfdf43894b9065a8f94\dom4j-1.6.1.jar;C:\Users\hassed\.gradle\caches\modules-2\files-2.1\aopalliance\aopalliance\1.0\235ba8b489512805ac13a8f9ea77a1ca5ebe3e8\aopalliance-1.0.jar;C:\Users\hassed\.gradle\caches\modules-2\files-2.1\org.apache.tomcat.embed\tomcat-embed-websocket\8.5.27\3cba1c5187a17b0233de5712024d6e144036ba9a\tomcat-embed-websocket-8.5.27.jar;C:\Users\hassed\.gradle\caches\modules-2\files-2.1\org.apache.tomcat.embed\tomcat-embed-core\8.5.27\a10612f0af27c7bfcc4e8d88393adad1fc5b4ece\tomcat-embed-core-8.5.27.jar;C:\Users\hassed\.gradle\caches\modules-2\files-2.1\org.apache.tomcat.embed\tomcat-embed-el\8.5.27\5a591bcf5c930d2b37bb40c0f95180604a3b1a57\tomcat-embed-el-8.5.27.jar;C:\Users\hassed\.gradle\caches\modules-2\files-2.1\javax.validation\validation-api\1.1.0.Final\8613ae82954779d518631e05daa73a6a954817d5\validation-api-1.1.0.Final.jar;C:\Users\hassed\.gradle\caches\modules-2\files-2.1\com.fasterxml.jackson.core\jackson-annotations\2.8.0\45b426f7796b741035581a176744d91090e2e6fb\jackson-annotations-2.8.0.jar;C:\Users\hassed\.gradle\caches\modules-2\files-2.1\com.fasterxml.jackson.core\jackson-core\2.8.10\eb21a035c66ad307e66ec8fce37f5d50fd62d039\jackson-core-2.8.10.jar;C:\Users\hassed\.gradle\caches\modules-2\files-2.1\net.minidev\json-smart\2.2.1\5b9e5df7a62d1279b70dc882b041d249c4f0b002\json-smart-2.2.1.jar;C:\Users\hassed\.gradle\caches\modules-2\files-2.1\org.objenesis\objenesis\2.1\87c0ea803b69252868d09308b4618f766f135a96\objenesis-2.1.jar;C:\Users\hassed\.gradle\caches\modules-2\files-2.1\com.vaadin.external.google\android-json\0.0.20131108.vaadin1\fa26d351fe62a6a17f5cda1287c1c6110dec413f\android-json-0.0.20131108.vaadin1.jar;C:\Users\hassed\.gradle\caches\modules-2\files-2.1\org.apache.tomcat\tomcat-juli\8.5.27\583a08f2f59c6abdd86833b572b9a2f55e61a0f2\tomcat-juli-8.5.27.jar;C:\Users\hassed\.gradle\caches\modules-2\files-2.1\org.apache.tomcat\tomcat-annotations-api\8.5.27\122c0a4acaba72bf4590e83c9fbcb3475c46edc5\tomcat-annotations-api-8.5.27.jar;C:\Users\hassed\.gradle\caches\modules-2\files-2.1\ch.qos.logback\logback-core\1.1.11\88b8df40340eed549fb07e2613879bf6b006704d\logback-core-1.1.11.jar;C:\Users\hassed\.gradle\caches\modules-2\files-2.1\net.bytebuddy\byte-buddy\1.7.9\51218a01a882c04d0aba8c028179cce488bbcb58\byte-buddy-1.7.9.jar;C:\Users\hassed\.gradle\caches\modules-2\files-2.1\net.minidev\accessors-smart\1.1\a527213f2fea112a04c9bdf0ec0264e34104cd08\accessors-smart-1.1.jar;C:\Users\hassed\.gradle\caches\modules-2\files-2.1\org.ow2.asm\asm\5.0.3\dcc2193db20e19e1feca8b1240dbbc4e190824fa\asm-5.0.3.jar, user.name=HASSED, java.vm.specification.version=1.8, sun.java.command=worker.org.gradle.process.internal.worker.GradleWorkerMain 'Gradle Test Executor 1', java.home=C:\Program Files\Java\jdk1.8.0_101\jre, sun.arch.data.model=64, user.language=de, java.specification.vendor=Oracle Corporation, awt.toolkit=sun.awt.windows.WToolkit, java.vm.info=mixed mode, java.version=1.8.0_101, java.ext.dirs=C:\Program Files\Java\jdk1.8.0_101\jre\lib\ext;C:\Windows\Sun\Java\lib\ext, sun.boot.class.path=C:\Program Files\Java\jdk1.8.0_101\jre\lib\resources.jar;C:\Program Files\Java\jdk1.8.0_101\jre\lib\rt.jar;C:\Program Files\Java\jdk1.8.0_101\jre\lib\sunrsasign.jar;C:\Program Files\Java\jdk1.8.0_101\jre\lib\jsse.jar;C:\Program Files\Java\jdk1.8.0_101\jre\lib\jce.jar;C:\Program Files\Java\jdk1.8.0_101\jre\lib\charsets.jar;C:\Program Files\Java\jdk1.8.0_101\jre\lib\jfr.jar;C:\Program Files\Java\jdk1.8.0_101\jre\classes, java.vendor=Oracle Corporation, org.gradle.test.worker=1, file.separator=\, java.vendor.url.bug=http://bugreport.sun.com/bugreport/, sun.io.unicode.encoding=UnicodeLittle, sun.cpu.endian=little, sun.desktop=windows, sun.cpu.isalist=amd64}}, SystemEnvironmentPropertySource@1231845588 {name='systemEnvironment', properties={PATH=C:\Users\hassed\bin;C:\Program Files\Git\mingw64\bin;C:\Program Files\Git\usr\local\bin;C:\Program Files\Git\usr\bin;C:\Program Files\Git\usr\bin;C:\Program Files\Git\mingw64\bin;C:\Program Files\Git\usr\bin;C:\Users\hassed\bin;C:\ProgramData\Oracle\Java\javapath;C:\Program Files (x86)\Intel\iCLS Client;C:\Program Files\Intel\iCLS Client;C:\Windows\system32;C:\Windows;C:\Windows\System32\Wbem;C:\Windows\System32\WindowsPowerShell\v1.0;C:\Program Files (x86)\Intel\Intel(R) Management Engine Components\DAL;C:\Program Files\Intel\Intel(R) Management Engine Components\DAL;C:\Program Files (x86)\Intel\Intel(R) Management Engine Components\IPT;C:\Program Files\Intel\Intel(R) Management Engine Components\IPT;C:\Program Files\Git\cmd;C:\Users\hassed\Desktop\Studium\Projects\Standort_App_Frankfurt\API\API_Test\Exchange\apache-maven-3.5.0\bin;C:\Program Files (x86)\GtkSharp\2.12\bin;C:\Go\bin;C:\Program Files\apache-maven-3.5.2\bin;C:\Program Files\nodejs;C:\Program Files (x86)\Microsoft VS Code\bin;C:\Program Files\apache-maven-3.5.2\bin;C:\Users\hassed\AppData\Roaming\npm;C:\Program Files\Heroku\bin;C:\Program Files\Git\usr\bin\vendor_perl;C:\Program Files\Git\usr\bin\core_perl, PKG_CONFIG_PATH=C:\Program Files\Git\mingw64\lib\pkgconfig;C:\Program Files\Git\mingw64\share\pkgconfig, MSYSTEM_PREFIX=C:/Program Files/Git/mingw64, PROCESSOR_LEVEL=6, SYSTEMDRIVE=C:, CONFIG_SITE=C:/Program Files/Git/mingw64/etc/config.site, FP_NO_HOST_CHECK=NO, ALLUSERSPROFILE=C:\ProgramData, PROCESSOR_ARCHITECTURE=AMD64, MSYSTEM_CHOST=x86_64-w64-mingw32, PS1=\[\033]0;$TITLEPREFIX:${PWD//[^[:ascii:]]/?}\007\]\n\[\033[32m\]\u@\h \[\033[35m\]$MSYSTEM \[\033[33m\]\w\[\033[36m\]`__git_ps1`\[\033[0m\]\n$ , PSModulePath=C:\Windows\system32\WindowsPowerShell\v1.0\Modules\, ARISHOME71=C:\Program Files\ARIS7.1\, DEFLOGDIR=C:\ProgramData\McAfee\DesktopProtection, MAVEN_HOME=C:\Program Files\apache-maven-3.5.2, ORIGINAL_TEMP=C:/Users/hassed/AppData/Local/Temp, PROGRAMFILES=C:\Program Files, DIRNAME=C:\Users\hassed\Desktop\Studium\Uni\4\Webbassierte Datenbankanwendung\leftloversUserService\, USERNAME=HASSED, USERDNSDOMAIN=DE.SOFTLAB.NET, PWD=C:/Users/hassed/Desktop/Studium/Uni/4/Webbassierte Datenbankanwendung/leftloversUserService, CMD_LINE_ARGS=stage, ProgramFiles(x86)=C:\Program Files (x86), INFOPATH=C:\Program Files\Git\usr\local\info;C:\Program Files\Git\usr\share\info;C:\Program Files\Git\usr\info;C:\Program Files\Git\share\info, APP_HOME=C:\Users\hassed\Desktop\Studium\Uni\4\Webbassierte Datenbankanwendung\leftloversUserService\, PATHEXT=.COM;.EXE;.BAT;.CMD;.VBS;.VBE;.JS;.JSE;.WSF;.WSH;.MSC, SHELL=C:\Program Files\Git\usr\bin\bash.exe, ORIGINAL_TMP=C:/Users/hassed/AppData/Local/Temp, TMPDIR=C:\Users\hassed\AppData\Local\Temp, WINDIR=C:\Windows, ProgramData=C:\ProgramData, ProgramW6432=C:\Program Files, SSH_ASKPASS=C:/Program Files/Git/mingw64/libexec/git-core/git-gui--askpass, HOMEPATH=\Users\hassed, PROCESSOR_IDENTIFIER=Intel64 Family 6 Model 78 Stepping 3, GenuineIntel, PUBLIC=C:\Users\Public, MINGW_CHOST=x86_64-w64-mingw32, =::=::\, EXEPATH=C:\Program Files\Git, SHLVL=1, _SKIP=2, LOCALAPPDATA=C:\Users\hassed\AppData\Local, ORIGINAL_PATH=C:\Program Files\Git\mingw64\bin;C:\Program Files\Git\usr\bin;C:\Users\hassed\bin;C:\ProgramData\Oracle\Java\javapath;C:\Program Files (x86)\Intel\iCLS Client;C:\Program Files\Intel\iCLS Client;C:\Windows\system32;C:\Windows;C:\Windows\System32\Wbem;C:\Windows\System32\WindowsPowerShell\v1.0;C:\Program Files (x86)\Intel\Intel(R) Management Engine Components\DAL;C:\Program Files\Intel\Intel(R) Management Engine Components\DAL;C:\Program Files (x86)\Intel\Intel(R) Management Engine Components\IPT;C:\Program Files\Intel\Intel(R) Management Engine Components\IPT;C:\Program Files\Git\cmd;C:\Users\hassed\Desktop\Studium\Projects\Standort_App_Frankfurt\API\API_Test\Exchange\apache-maven-3.5.0\bin;C:\Program Files (x86)\GtkSharp\2.12\bin;C:\Go\bin;C:\Program Files\apache-maven-3.5.2\bin;C:\Program Files\nodejs;C:\Program Files (x86)\Microsoft VS Code\bin;C:\Program Files\apache-maven-3.5.2\bin;C:\Users\hassed\AppData\Roaming\npm;C:\Program Files\Heroku\bin, MANPATH=C:\Program Files\Git\mingw64\share\man;C:\Program Files\Git\usr\local\man;C:\Program Files\Git\usr\share\man;C:\Program Files\Git\usr\man;C:\Program Files\Git\share\man, MINGW_PACKAGE_PREFIX=mingw-w64-x86_64, USERDOMAIN=SOFTLAB, LOGONSERVER=\\MUC-DC-01, JAVA_HOME=C:\Program Files\Java\jdk1.8.0_101, LDMS_LOCAL_DIR=C:\Program Files (x86)\LANDesk\LDClient\Data, PLINK_PROTOCOL=ssh, PROMPT=$P$G, TERM=xterm, LANG=de_DE.UTF-8, SAPLOGON_INI_FILE=C:\Windows\saplogon.ini, MINGW_PREFIX=C:/Program Files/Git/mingw64, DISPLAY=needs-to-be-defined, MSYSTEM=MINGW64, =C:=C:\Users\hassed\Desktop\Studium\Uni\4\Webbassierte Datenbankanwendung\leftloversUserService, APPDATA=C:\Users\hassed\AppData\Roaming, GTK_BASEPATH=C:\Program Files (x86)\GtkSharp\2.12\, SYSTEMROOT=C:\Windows, JAVA_EXE=C:\Program Files\Java\jdk1.8.0_101/bin/java.exe, VSEDEFLOGDIR=C:\ProgramData\McAfee\DesktopProtection, windows_tracing_logfile=C:\BVTBin\Tests\installpackage\csilogfile.log, VBOX_MSI_INSTALL_PATH=C:\Program Files\Oracle\VirtualBox\, _=./gradlew.bat, OS=Windows_NT, windows_tracing_flags=3, COMPUTERNAME=PC46678, COMMONPROGRAMFILES=C:\Program Files\Common Files, COMSPEC=C:\Windows\system32\cmd.exe, PROCESSOR_REVISION=4e03, CLASSPATH=C:\Users\hassed\Desktop\Studium\Uni\4\Webbassierte Datenbankanwendung\leftloversUserService\\gradle\wrapper\gradle-wrapper.jar, CommonProgramW6432=C:\Program Files\Common Files, GOROOT=C:\Go\, ACLOCAL_PATH=C:\Program Files\Git\mingw64\share\aclocal;C:\Program Files\Git\usr\share\aclocal, UATDATA=C:\Windows\CCM\UATData\D9F8C395-CAB8-491d-B8AC-179A1FE1BE77, APP_BASE_NAME=gradlew, MSYSTEM_CARCH=x86_64, TEMP=C:\Users\hassed\AppData\Local\Temp, HOSTNAME=PC46678, HOMEDRIVE=C:, SNC_LIB=C:\Windows\gssntlm.dll, USERPROFILE=C:\Users\hassed, TMP=C:\Users\hassed\AppData\Local\Temp, CommonProgramFiles(x86)=C:\Program Files (x86)\Common Files, NUMBER_OF_PROCESSORS=4, HOME=C:\Users\hassed}}]
13:32:37.887 [Test worker] DEBUG org.springframework.core.io.support.PathMatchingResourcePatternResolver - Resolved classpath location [dhbw/leftlovers/service/uaa/] to resources [URL [file:/C:/Users/hassed/Desktop/Studium/Uni/4/Webbassierte%20Datenbankanwendung/leftloversUserService/build/classes/java/test/dhbw/leftlovers/service/uaa/], URL [file:/C:/Users/hassed/Desktop/Studium/Uni/4/Webbassierte%20Datenbankanwendung/leftloversUserService/build/classes/java/main/dhbw/leftlovers/service/uaa/]]
13:32:37.887 [Test worker] DEBUG org.springframework.core.io.support.PathMatchingResourcePatternResolver - Looking for matching resources in directory tree [C:\Users\hassed\Desktop\Studium\Uni\4\Webbassierte Datenbankanwendung\leftloversUserService\build\classes\java\test\dhbw\leftlovers\service\uaa]
13:32:37.888 [Test worker] DEBUG org.springframework.core.io.support.PathMatchingResourcePatternResolver - Searching directory [C:\Users\hassed\Desktop\Studium\Uni\4\Webbassierte Datenbankanwendung\leftloversUserService\build\classes\java\test\dhbw\leftlovers\service\uaa] for files matching pattern [C:/Users/hassed/Desktop/Studium/Uni/4/Webbassierte Datenbankanwendung/leftloversUserService/build/classes/java/test/dhbw/leftlovers/service/uaa/*.class]
13:32:37.892 [Test worker] DEBUG org.springframework.core.io.support.PathMatchingResourcePatternResolver - Looking for matching resources in directory tree [C:\Users\hassed\Desktop\Studium\Uni\4\Webbassierte Datenbankanwendung\leftloversUserService\build\classes\java\main\dhbw\leftlovers\service\uaa]
13:32:37.893 [Test worker] DEBUG org.springframework.core.io.support.PathMatchingResourcePatternResolver - Searching directory [C:\Users\hassed\Desktop\Studium\Uni\4\Webbassierte Datenbankanwendung\leftloversUserService\build\classes\java\main\dhbw\leftlovers\service\uaa] for files matching pattern [C:/Users/hassed/Desktop/Studium/Uni/4/Webbassierte Datenbankanwendung/leftloversUserService/build/classes/java/main/dhbw/leftlovers/service/uaa/*.class]
13:32:37.896 [Test worker] DEBUG org.springframework.core.io.support.PathMatchingResourcePatternResolver - Resolved location pattern [classpath*:dhbw/leftlovers/service/uaa/*.class] to resources [file [C:\Users\hassed\Desktop\Studium\Uni\4\Webbassierte Datenbankanwendung\leftloversUserService\build\classes\java\test\dhbw\leftlovers\service\uaa\UaaApplicationTests.class], file [C:\Users\hassed\Desktop\Studium\Uni\4\Webbassierte Datenbankanwendung\leftloversUserService\build\classes\java\main\dhbw\leftlovers\service\uaa\UaaServiceApplication.class]]
13:32:37.951 [Test worker] DEBUG org.springframework.context.annotation.ClassPathScanningCandidateComponentProvider - Identified candidate component class: file [C:\Users\hassed\Desktop\Studium\Uni\4\Webbassierte Datenbankanwendung\leftloversUserService\build\classes\java\main\dhbw\leftlovers\service\uaa\UaaServiceApplication.class]
13:32:37.955 [Test worker] INFO org.springframework.boot.test.context.SpringBootTestContextBootstrapper - Found @SpringBootConfiguration dhbw.leftlovers.service.uaa.UaaServiceApplication for test class dhbw.leftlovers.service.uaa.UaaApplicationTests
13:32:37.962 [Test worker] DEBUG org.springframework.boot.test.context.SpringBootTestContextBootstrapper - @TestExecutionListeners is not present for class [dhbw.leftlovers.service.uaa.UaaApplicationTests]: using defaults.
13:32:37.970 [Test worker] INFO org.springframework.boot.test.context.SpringBootTestContextBootstrapper - Loaded default TestExecutionListener class names from location [META-INF/spring.factories]: [org.springframework.security.test.context.support.WithSecurityContextTestExecutionListener, org.springframework.boot.test.autoconfigure.restdocs.RestDocsTestExecutionListener, org.springframework.boot.test.autoconfigure.web.client.MockRestServiceServerResetTestExecutionListener, org.springframework.boot.test.autoconfigure.web.servlet.MockMvcPrintOnlyOnFailureTestExecutionListener, org.springframework.boot.test.autoconfigure.web.servlet.WebDriverTestExecutionListener, org.springframework.boot.test.mock.mockito.MockitoTestExecutionListener, org.springframework.boot.test.mock.mockito.ResetMocksTestExecutionListener, org.springframework.test.context.web.ServletTestExecutionListener, org.springframework.test.context.support.DirtiesContextBeforeModesTestExecutionListener, org.springframework.test.context.support.DependencyInjectionTestExecutionListener, org.springframework.test.context.support.DirtiesContextTestExecutionListener, org.springframework.test.context.transaction.TransactionalTestExecutionListener, org.springframework.test.context.jdbc.SqlScriptsTestExecutionListener]
13:32:38.009 [Test worker] INFO org.springframework.boot.test.context.SpringBootTestContextBootstrapper - Using TestExecutionListeners: [org.springframework.test.context.web.ServletTestExecutionListener@518117ca, org.springframework.test.context.support.DirtiesContextBeforeModesTestExecutionListener@1d8b345d, org.springframework.boot.test.autoconfigure.SpringBootDependencyInjectionTestExecutionListener@4f072e75, org.springframework.test.context.support.DirtiesContextTestExecutionListener@24c79cb1, org.springframework.test.context.transaction.TransactionalTestExecutionListener@7da1e0a4, org.springframework.test.context.jdbc.SqlScriptsTestExecutionListener@394c1a91, org.springframework.security.test.context.support.WithSecurityContextTestExecutionListener@4f4eff4b, org.springframework.boot.test.autoconfigure.restdocs.RestDocsTestExecutionListener@5774d007, org.springframework.boot.test.autoconfigure.web.client.MockRestServiceServerResetTestExecutionListener@25a2ae8d, org.springframework.boot.test.autoconfigure.web.servlet.MockMvcPrintOnlyOnFailureTestExecutionListener@7ce3b03a, org.springframework.boot.test.autoconfigure.web.servlet.WebDriverTestExecutionListener@44efac4a, org.springframework.boot.test.mock.mockito.MockitoTestExecutionListener@356aa838, org.springframework.boot.test.mock.mockito.ResetMocksTestExecutionListener@50caede]
13:32:38.013 [Test worker] DEBUG org.springframework.test.annotation.ProfileValueUtils - Retrieved @ProfileValueSourceConfiguration [null] for test class [dhbw.leftlovers.service.uaa.UaaApplicationTests]
13:32:38.013 [Test worker] DEBUG org.springframework.test.annotation.ProfileValueUtils - Retrieved ProfileValueSource type [class org.springframework.test.annotation.SystemProfileValueSource] for class [dhbw.leftlovers.service.uaa.UaaApplicationTests]
13:32:38.014 [Test worker] DEBUG org.springframework.test.annotation.ProfileValueUtils - Retrieved @ProfileValueSourceConfiguration [null] for test class [dhbw.leftlovers.service.uaa.UaaApplicationTests]
13:32:38.015 [Test worker] DEBUG org.springframework.test.annotation.ProfileValueUtils - Retrieved ProfileValueSource type [class org.springframework.test.annotation.SystemProfileValueSource] for class [dhbw.leftlovers.service.uaa.UaaApplicationTests]
13:32:38.020 [Test worker] DEBUG org.springframework.test.context.support.AbstractDirtiesContextTestExecutionListener - Before test class: context [DefaultTestContext@12311c91 testClass = UaaApplicationTests, testInstance = [null], testMethod = [null], testException = [null], mergedContextConfiguration = [WebMergedContextConfiguration@60b07a8e testClass = UaaApplicationTests, locations = '{}', classes = '{class dhbw.leftlovers.service.uaa.UaaServiceApplication}', contextInitializerClasses = '[]', activeProfiles = '{}', propertySourceLocations = '{}', propertySourceProperties = '{org.springframework.boot.test.context.SpringBootTestContextBootstrapper=true}', contextCustomizers = set[org.springframework.boot.test.autoconfigure.properties.PropertyMappingContextCustomizer@0, org.springframework.boot.test.autoconfigure.web.servlet.WebDriverContextCustomizerFactory$Customizer@2303038c, org.springframework.boot.test.context.SpringBootTestContextCustomizer@1aab1f22, org.springframework.boot.test.context.filter.ExcludeFilterContextCustomizer@64095078, org.springframework.boot.test.json.DuplicateJsonObjectContextCustomizerFactory$DuplicateJsonObjectContextCustomizer@63fe87fe, org.springframework.boot.test.mock.mockito.MockitoContextCustomizer@0], resourceBasePath = 'src/main/webapp', contextLoader = 'org.springframework.boot.test.context.SpringBootContextLoader', parent = [null]]], class annotated with @DirtiesContext [false] with mode [null].
13:32:38.021 [Test worker] DEBUG org.springframework.test.annotation.ProfileValueUtils - Retrieved @ProfileValueSourceConfiguration [null] for test class [dhbw.leftlovers.service.uaa.UaaApplicationTests]
13:32:38.021 [Test worker] DEBUG org.springframework.test.annotation.ProfileValueUtils - Retrieved ProfileValueSource type [class org.springframework.test.annotation.SystemProfileValueSource] for class [dhbw.leftlovers.service.uaa.UaaApplicationTests]
13:32:38.118 [Test worker] DEBUG org.springframework.core.env.StandardEnvironment - Adding PropertySource 'systemProperties' with lowest search precedence
13:32:38.118 [Test worker] DEBUG org.springframework.core.env.StandardEnvironment - Adding PropertySource 'systemEnvironment' with lowest search precedence
13:32:38.121 [Test worker] DEBUG org.springframework.core.env.StandardEnvironment - Initialized StandardEnvironment with PropertySources [MapPropertySource@310596306 {name='systemProperties', properties={java.runtime.name=Java(TM) SE Runtime Environment, sun.boot.library.path=C:\Program Files\Java\jdk1.8.0_101\jre\bin, java.vm.version=25.101-b13, java.vm.vendor=Oracle Corporation, java.vendor.url=http://java.oracle.com/, path.separator=;, java.vm.name=Java HotSpot(TM) 64-Bit Server VM, file.encoding.pkg=sun.io, user.script=, sun.java.launcher=SUN_STANDARD, user.country=DE, sun.os.patch.level=Service Pack 1, java.vm.specification.name=Java Virtual Machine Specification, user.dir=C:\Users\hassed\Desktop\Studium\Uni\4\Webbassierte Datenbankanwendung\leftloversUserService, java.runtime.version=1.8.0_101-b13, java.awt.graphicsenv=sun.awt.Win32GraphicsEnvironment, java.endorsed.dirs=C:\Program Files\Java\jdk1.8.0_101\jre\lib\endorsed, os.arch=amd64, java.io.tmpdir=C:\Users\hassed\AppData\Local\Temp\, line.separator=
, java.vm.specification.vendor=Oracle Corporation, user.variant=, os.name=Windows 7, sun.jnu.encoding=Cp1252, java.library.path=C:\Program Files\Java\jdk1.8.0_101\bin;C:\Windows\Sun\Java\bin;C:\Windows\system32;C:\Windows;C:\Users\hassed\bin;C:\Program Files\Git\mingw64\bin;C:\Program Files\Git\usr\local\bin;C:\Program Files\Git\usr\bin;C:\Program Files\Git\usr\bin;C:\Program Files\Git\mingw64\bin;C:\Program Files\Git\usr\bin;C:\Users\hassed\bin;C:\ProgramData\Oracle\Java\javapath;C:\Program Files (x86)\Intel\iCLS Client;C:\Program Files\Intel\iCLS Client;C:\Windows\system32;C:\Windows;C:\Windows\System32\Wbem;C:\Windows\System32\WindowsPowerShell\v1.0;C:\Program Files (x86)\Intel\Intel(R) Management Engine Components\DAL;C:\Program Files\Intel\Intel(R) Management Engine Components\DAL;C:\Program Files (x86)\Intel\Intel(R) Management Engine Components\IPT;C:\Program Files\Intel\Intel(R) Management Engine Components\IPT;C:\Program Files\Git\cmd;C:\Users\hassed\Desktop\Studium\Projects\Standort_App_Frankfurt\API\API_Test\Exchange\apache-maven-3.5.0\bin;C:\Program Files (x86)\GtkSharp\2.12\bin;C:\Go\bin;C:\Program Files\apache-maven-3.5.2\bin;C:\Program Files\nodejs;C:\Program Files (x86)\Microsoft VS Code\bin;C:\Program Files\apache-maven-3.5.2\bin;C:\Users\hassed\AppData\Roaming\npm;C:\Program Files\Heroku\bin;C:\Program Files\Git\usr\bin\vendor_perl;C:\Program Files\Git\usr\bin\core_perl;., java.specification.name=Java Platform API Specification, java.class.version=52.0, org.gradle.native=false, sun.management.compiler=HotSpot 64-Bit Tiered Compilers, os.version=6.1, user.home=C:\Users\hassed, user.timezone=Europe/Berlin, java.awt.printerjob=sun.awt.windows.WPrinterJob, file.encoding=windows-1252, java.specification.version=1.8, java.class.path=C:\Users\hassed\Desktop\Studium\Uni\4\Webbassierte Datenbankanwendung\leftloversUserService\build\classes\java\test;C:\Users\hassed\Desktop\Studium\Uni\4\Webbassierte Datenbankanwendung\leftloversUserService\build\resources\test;C:\Users\hassed\Desktop\Studium\Uni\4\Webbassierte Datenbankanwendung\leftloversUserService\build\classes\java\main;C:\Users\hassed\Desktop\Studium\Uni\4\Webbassierte Datenbankanwendung\leftloversUserService\build\resources\main;C:\Users\hassed\.gradle\caches\modules-2\files-2.1\org.springframework.boot\spring-boot-starter-data-jpa\1.5.10.RELEASE\ca30f9060231d3161d325580098d326754a2f4e1\spring-boot-starter-data-jpa-1.5.10.RELEASE.jar;C:\Users\hassed\.gradle\caches\modules-2\files-2.1\org.springframework.boot\spring-boot-starter-security\1.5.10.RELEASE\92fd7261c5cd66b95854bb7d90c131b19e394412\spring-boot-starter-security-1.5.10.RELEASE.jar;C:\Users\hassed\.gradle\caches\modules-2\files-2.1\org.springframework.boot\spring-boot-starter-web\1.5.10.RELEASE\8bc445f3ee81e5322e46b28cbb33bca1800b69d9\spring-boot-starter-web-1.5.10.RELEASE.jar;C:\Users\hassed\.gradle\caches\modules-2\files-2.1\org.springframework.boot\spring-boot-starter-aop\1.5.10.RELEASE\2e58fd451d9e89a539a2c15efc5089d81dd7a686\spring-boot-starter-aop-1.5.10.RELEASE.jar;C:\Users\hassed\.gradle\caches\modules-2\files-2.1\org.springframework.boot\spring-boot-starter-jdbc\1.5.10.RELEASE\f78396b57f70a0ca8422bcbe8959aa49baf49023\spring-boot-starter-jdbc-1.5.10.RELEASE.jar;C:\Users\hassed\.gradle\caches\modules-2\files-2.1\org.springframework.boot\spring-boot-starter\1.5.10.RELEASE\d935ac98f84c1d97d7ccd702d21abdc236fa7aa0\spring-boot-starter-1.5.10.RELEASE.jar;C:\Users\hassed\.gradle\caches\modules-2\files-2.1\com.google.code.gson\gson\2.8.2\3edcfe49d2c6053a70a2a47e4e1c2f94998a49cf\gson-2.8.2.jar;C:\Users\hassed\.gradle\caches\modules-2\files-2.1\io.jsonwebtoken\jjwt\0.7.0\f042fe2676bfdc2091545152e47d77e11999946d\jjwt-0.7.0.jar;C:\Users\hassed\.gradle\caches\modules-2\files-2.1\io.springfox\springfox-swagger2\2.8.0\27fbca30912258ce0e31cd56361f732f6c27d5ff\springfox-swagger2-2.8.0.jar;C:\Users\hassed\.gradle\caches\modules-2\files-2.1\io.springfox\springfox-swagger-ui\2.8.0\2b895560df9cd70a2e93119188981b004b4e2ad5\springfox-swagger-ui-2.8.0.jar;C:\Users\hassed\.gradle\caches\modules-2\files-2.1\com.h2database\h2\1.4.196\dd0034398d593aa3588c6773faac429bbd9aea0e\h2-1.4.196.jar;C:\Users\hassed\.gradle\caches\modules-2\files-2.1\org.springframework.boot\spring-boot-starter-test\1.5.10.RELEASE\d4e1be51061d71b55f4bd4458d8437d1b943a70\spring-boot-starter-test-1.5.10.RELEASE.jar;C:\Users\hassed\.gradle\caches\modules-2\files-2.1\org.springframework.security\spring-security-test\4.2.4.RELEASE\8ad59a5bb29d391387077cf38c029dce974194db\spring-security-test-4.2.4.RELEASE.jar;C:\Users\hassed\.gradle\caches\modules-2\files-2.1\org.hibernate\hibernate-entitymanager\5.0.12.Final\302a526f5058290e9cbd719a5caf9f248d344719\hibernate-entitymanager-5.0.12.Final.jar;C:\Users\hassed\.gradle\caches\modules-2\files-2.1\org.hibernate\hibernate-core\5.0.12.Final\e58bf1c660e6706d8e2cbb53bae110f574366102\hibernate-core-5.0.12.Final.jar;C:\Users\hassed\.gradle\caches\modules-2\files-2.1\javax.transaction\javax.transaction-api\1.2\d81aff979d603edd90dcd8db2abc1f4ce6479e3e\javax.transaction-api-1.2.jar;C:\Users\hassed\.gradle\caches\modules-2\files-2.1\org.springframework.data\spring-data-jpa\1.11.10.RELEASE\82ec646adc5d33b7b1d8f52e90c0ea030f0888ca\spring-data-jpa-1.11.10.RELEASE.jar;C:\Users\hassed\.gradle\caches\modules-2\files-2.1\org.springframework\spring-aspects\4.3.14.RELEASE\e2d10895e7142dd4c5e979407fe4539146429618\spring-aspects-4.3.14.RELEASE.jar;C:\Users\hassed\.gradle\caches\modules-2\files-2.1\org.springframework.security\spring-security-config\4.2.4.RELEASE\309ce9b5bb4b1aee06e67517dabfd568b59678cf\spring-security-config-4.2.4.RELEASE.jar;C:\Users\hassed\.gradle\caches\modules-2\files-2.1\org.springframework.security\spring-security-web\4.2.4.RELEASE\939ba20911e1c12b288dde665ba1d4d6925a85e4\spring-security-web-4.2.4.RELEASE.jar;C:\Users\hassed\.gradle\caches\modules-2\files-2.1\org.springframework\spring-webmvc\4.3.14.RELEASE\1571eab8a807005d424ca16fedd54b1f439787b2\spring-webmvc-4.3.14.RELEASE.jar;C:\Users\hassed\.gradle\caches\modules-2\files-2.1\org.springframework\spring-web\4.3.14.RELEASE\a0c3bf3ad661db185675bd5af350f35ed11f0903\spring-web-4.3.14.RELEASE.jar;C:\Users\hassed\.gradle\caches\modules-2\files-2.1\io.springfox\springfox-swagger-common\2.8.0\e0fc6a0096eb8d40fac7cc8206ddbb2fe73051d2\springfox-swagger-common-2.8.0.jar;C:\Users\hassed\.gradle\caches\modules-2\files-2.1\io.springfox\springfox-spring-web\2.8.0\cb2ce464b07919158dde1ad40f72cca9c364559b\springfox-spring-web-2.8.0.jar;C:\Users\hassed\.gradle\caches\modules-2\files-2.1\io.springfox\springfox-schema\2.8.0\70ed8275e2277bffe269c8dbd688f54464bf1222\springfox-schema-2.8.0.jar;C:\Users\hassed\.gradle\caches\modules-2\files-2.1\io.springfox\springfox-spi\2.8.0\efe49b45357dd9f6c27799a5f7f5ba1ce6bdc05f\springfox-spi-2.8.0.jar;C:\Users\hassed\.gradle\caches\modules-2\files-2.1\io.springfox\springfox-core\2.8.0\5f0fbaa34cc01dfca7089000c4943629d7e1c9dc\springfox-core-2.8.0.jar;C:\Users\hassed\.gradle\caches\modules-2\files-2.1\org.springframework.plugin\spring-plugin-metadata\1.2.0.RELEASE\97223fc496b6cab31602eedbd4202aa4fff0d44f\spring-plugin-metadata-1.2.0.RELEASE.jar;C:\Users\hassed\.gradle\caches\modules-2\files-2.1\org.springframework.plugin\spring-plugin-core\1.2.0.RELEASE\f380e7760032e7d929184f8ad8a33716b75c0657\spring-plugin-core-1.2.0.RELEASE.jar;C:\Users\hassed\.gradle\caches\modules-2\files-2.1\org.springframework.security\spring-security-core\4.2.4.RELEASE\ce6b196526d5029a349897cd0b583dcf93af144\spring-security-core-4.2.4.RELEASE.jar;C:\Users\hassed\.gradle\caches\modules-2\files-2.1\org.springframework.boot\spring-boot-test-autoconfigure\1.5.10.RELEASE\55242f7c194fb141de8460a92e92b716469fc3a8\spring-boot-test-autoconfigure-1.5.10.RELEASE.jar;C:\Users\hassed\.gradle\caches\modules-2\files-2.1\org.springframework.boot\spring-boot-test\1.5.10.RELEASE\b7f28e8896906f0bbbb951727a7c5581c562d1c9\spring-boot-test-1.5.10.RELEASE.jar;C:\Users\hassed\.gradle\caches\modules-2\files-2.1\org.springframework.boot\spring-boot-autoconfigure\1.5.10.RELEASE\be96efab0d35181f18c486b0ec8d6a41a7042fce\spring-boot-autoconfigure-1.5.10.RELEASE.jar;C:\Users\hassed\.gradle\caches\modules-2\files-2.1\org.springframework.boot\spring-boot\1.5.10.RELEASE\594b3efa04829f62754a19f59f81ba204636167a\spring-boot-1.5.10.RELEASE.jar;C:\Users\hassed\.gradle\caches\modules-2\files-2.1\org.springframework\spring-context\4.3.14.RELEASE\e50a712960926c30e537ef4a633f5d9dd5a8b155\spring-context-4.3.14.RELEASE.jar;C:\Users\hassed\.gradle\caches\modules-2\files-2.1\org.springframework\spring-aop\4.3.14.RELEASE\dfe55b0592aead8e3eb0e6a4e98db433b9e09bd7\spring-aop-4.3.14.RELEASE.jar;C:\Users\hassed\.gradle\caches\modules-2\files-2.1\org.springframework.boot\spring-boot-starter-tomcat\1.5.10.RELEASE\11e474e265f1c68fc435dddbac42ab3574b5e4b6\spring-boot-starter-tomcat-1.5.10.RELEASE.jar;C:\Users\hassed\.gradle\caches\modules-2\files-2.1\org.hibernate\hibernate-validator\5.3.6.Final\4c730be8bf55a8e9a61e79a2f2c079abf48b718\hibernate-validator-5.3.6.Final.jar;C:\Users\hassed\.gradle\caches\modules-2\files-2.1\com.fasterxml.jackson.core\jackson-databind\2.8.10\f7b83cb2bc4b88d53961e749e1ad32f49ef017b7\jackson-databind-2.8.10.jar;C:\Users\hassed\.gradle\caches\modules-2\files-2.1\org.springframework.boot\spring-boot-starter-logging\1.5.10.RELEASE\62c73688208b3173645d6701fc3eb95ca657e6c8\spring-boot-starter-logging-1.5.10.RELEASE.jar;C:\Users\hassed\.gradle\caches\modules-2\files-2.1\org.springframework\spring-test\4.3.14.RELEASE\1a7f6f51a263a3e09e94403653348b3864412c53\spring-test-4.3.14.RELEASE.jar;C:\Users\hassed\.gradle\caches\modules-2\files-2.1\org.springframework\spring-orm\4.3.14.RELEASE\721bc451d02070954ebee039d419b410c4697fcb\spring-orm-4.3.14.RELEASE.jar;C:\Users\hassed\.gradle\caches\modules-2\files-2.1\org.springframework\spring-jdbc\4.3.14.RELEASE\1b1b9045d9ec1e067d99bf158210e9e7cf2ebfd2\spring-jdbc-4.3.14.RELEASE.jar;C:\Users\hassed\.gradle\caches\modules-2\files-2.1\org.springframework.data\spring-data-commons\1.13.10.RELEASE\b732245a0902b561b0c33e54cd0f382e9ac444ed\spring-data-commons-1.13.10.RELEASE.jar;C:\Users\hassed\.gradle\caches\modules-2\files-2.1\org.springframework\spring-tx\4.3.14.RELEASE\1c9449fcb805837db3c706eab4c729f89688a267\spring-tx-4.3.14.RELEASE.jar;C:\Users\hassed\.gradle\caches\modules-2\files-2.1\org.springframework\spring-beans\4.3.14.RELEASE\7bcd17a68dd64e9447d7bff2c42ba7417678596e\spring-beans-4.3.14.RELEASE.jar;C:\Users\hassed\.gradle\caches\modules-2\files-2.1\org.springframework\spring-expression\4.3.14.RELEASE\58477b44debcb49b09e962e3047ee74c2c033e89\spring-expression-4.3.14.RELEASE.jar;C:\Users\hassed\.gradle\caches\modules-2\files-2.1\org.springframework\spring-core\4.3.14.RELEASE\c70ddb6204457a802d1f6882d65bca3e5b3c41df\spring-core-4.3.14.RELEASE.jar;C:\Users\hassed\.gradle\caches\modules-2\files-2.1\org.yaml\snakeyaml\1.17\7a27ea250c5130b2922b86dea63cbb1cc10a660c\snakeyaml-1.17.jar;C:\Users\hassed\.gradle\caches\modules-2\files-2.1\io.swagger\swagger-models\1.5.14\581d784b65e82cee5bf3e91d193d3f9c0c702453\swagger-models-1.5.14.jar;C:\Users\hassed\.gradle\caches\modules-2\files-2.1\io.swagger\swagger-annotations\1.5.14\989c19cd0a90768885532318ca5fd7ea16290cc8\swagger-annotations-1.5.14.jar;C:\Users\hassed\.gradle\caches\modules-2\files-2.1\org.reflections\reflections\0.9.11\4c686033d918ec1727e329b7222fcb020152e32b\reflections-0.9.11.jar;C:\Users\hassed\.gradle\caches\modules-2\files-2.1\com.google.guava\guava\20.0\89507701249388e1ed5ddcf8c41f4ce1be7831ef\guava-20.0.jar;C:\Users\hassed\.gradle\caches\modules-2\files-2.1\com.fasterxml\classmate\1.3.4\3d5f48f10bbe4eb7bd862f10c0583be2e0053c6\classmate-1.3.4.jar;C:\Users\hassed\.gradle\caches\modules-2\files-2.1\com.jayway.jsonpath\json-path\2.2.0\22290d17944bd239fabf5ac69005a60a7ecbbbcb\json-path-2.2.0.jar;C:\Users\hassed\.gradle\caches\modules-2\files-2.1\org.slf4j\jcl-over-slf4j\1.7.25\f8c32b13ff142a513eeb5b6330b1588dcb2c0461\jcl-over-slf4j-1.7.25.jar;C:\Users\hassed\.gradle\caches\modules-2\files-2.1\ch.qos.logback\logback-classic\1.1.11\ccedfbacef4a6515d2983e3f89ed753d5d4fb665\logback-classic-1.1.11.jar;C:\Users\hassed\.gradle\caches\modules-2\files-2.1\org.slf4j\jul-to-slf4j\1.7.25\af5364cd6679bfffb114f0dec8a157aaa283b76\jul-to-slf4j-1.7.25.jar;C:\Users\hassed\.gradle\caches\modules-2\files-2.1\org.slf4j\log4j-over-slf4j\1.7.25\a87bb47468f47ee7aabbd54f93e133d4215769c3\log4j-over-slf4j-1.7.25.jar;C:\Users\hassed\.gradle\caches\modules-2\files-2.1\org.slf4j\slf4j-api\1.7.25\da76ca59f6a57ee3102f8f9bd9cee742973efa8a\slf4j-api-1.7.25.jar;C:\Users\hassed\.gradle\caches\modules-2\files-2.1\org.mapstruct\mapstruct\1.2.0.Final\8609d6eb044e9f6c73cb24c8f2f4ed5c72a249c7\mapstruct-1.2.0.Final.jar;C:\Users\hassed\.gradle\caches\modules-2\files-2.1\junit\junit\4.12\2973d150c0dc1fefe998f834810d68f278ea58ec\junit-4.12.jar;C:\Users\hassed\.gradle\caches\modules-2\files-2.1\org.assertj\assertj-core\2.6.0\b532c3fc4f66bcfee4989a3514f1cd56203a33ad\assertj-core-2.6.0.jar;C:\Users\hassed\.gradle\caches\modules-2\files-2.1\org.mockito\mockito-core\1.10.19\e8546f5bef4e061d8dd73895b4e8f40e3fe6effe\mockito-core-1.10.19.jar;C:\Users\hassed\.gradle\caches\modules-2\files-2.1\org.hamcrest\hamcrest-library\1.3\4785a3c21320980282f9f33d0d1264a69040538f\hamcrest-library-1.3.jar;C:\Users\hassed\.gradle\caches\modules-2\files-2.1\org.hamcrest\hamcrest-core\1.3\42a25dc3219429f0e5d060061f71acb49bf010a0\hamcrest-core-1.3.jar;C:\Users\hassed\.gradle\caches\modules-2\files-2.1\org.skyscreamer\jsonassert\1.4.0\9cdbb373a06f6513e51e8c545ee6a5e981463edb\jsonassert-1.4.0.jar;C:\Users\hassed\.gradle\caches\modules-2\files-2.1\org.aspectj\aspectjweaver\1.8.13\ad94df2a28d658a40dc27bbaff6a1ce5fbf04e9b\aspectjweaver-1.8.13.jar;C:\Users\hassed\.gradle\caches\modules-2\files-2.1\org.apache.tomcat\tomcat-jdbc\8.5.27\f37dfae9e9afb6b2742e04a401e32264c5fec0ec\tomcat-jdbc-8.5.27.jar;C:\Users\hassed\.gradle\caches\modules-2\files-2.1\org.hibernate.common\hibernate-commons-annotations\5.0.1.Final\71e1cff3fcb20d3b3af4f3363c3ddb24d33c6879\hibernate-commons-annotations-5.0.1.Final.jar;C:\Users\hassed\.gradle\caches\modules-2\files-2.1\org.jboss.logging\jboss-logging\3.3.1.Final\c46217ab74b532568c0ed31dc599db3048bd1b67\jboss-logging-3.3.1.Final.jar;C:\Users\hassed\.gradle\caches\modules-2\files-2.1\org.hibernate.javax.persistence\hibernate-jpa-2.1-api\1.0.0.Final\5e731d961297e5a07290bfaf3db1fbc8bbbf405a\hibernate-jpa-2.1-api-1.0.0.Final.jar;C:\Users\hassed\.gradle\caches\modules-2\files-2.1\org.javassist\javassist\3.21.0-GA\598244f595db5c5fb713731eddbb1c91a58d959b\javassist-3.21.0-GA.jar;C:\Users\hassed\.gradle\caches\modules-2\files-2.1\antlr\antlr\2.7.7\83cd2cd674a217ade95a4bb83a8a14f351f48bd0\antlr-2.7.7.jar;C:\Users\hassed\.gradle\caches\modules-2\files-2.1\org.jboss\jandex\2.0.0.Final\3e899258936f94649c777193e1be846387ed54b3\jandex-2.0.0.Final.jar;C:\Users\hassed\.gradle\caches\modules-2\files-2.1\dom4j\dom4j\1.6.1\5d3ccc056b6f056dbf0dddfdf43894b9065a8f94\dom4j-1.6.1.jar;C:\Users\hassed\.gradle\caches\modules-2\files-2.1\aopalliance\aopalliance\1.0\235ba8b489512805ac13a8f9ea77a1ca5ebe3e8\aopalliance-1.0.jar;C:\Users\hassed\.gradle\caches\modules-2\files-2.1\org.apache.tomcat.embed\tomcat-embed-websocket\8.5.27\3cba1c5187a17b0233de5712024d6e144036ba9a\tomcat-embed-websocket-8.5.27.jar;C:\Users\hassed\.gradle\caches\modules-2\files-2.1\org.apache.tomcat.embed\tomcat-embed-core\8.5.27\a10612f0af27c7bfcc4e8d88393adad1fc5b4ece\tomcat-embed-core-8.5.27.jar;C:\Users\hassed\.gradle\caches\modules-2\files-2.1\org.apache.tomcat.embed\tomcat-embed-el\8.5.27\5a591bcf5c930d2b37bb40c0f95180604a3b1a57\tomcat-embed-el-8.5.27.jar;C:\Users\hassed\.gradle\caches\modules-2\files-2.1\javax.validation\validation-api\1.1.0.Final\8613ae82954779d518631e05daa73a6a954817d5\validation-api-1.1.0.Final.jar;C:\Users\hassed\.gradle\caches\modules-2\files-2.1\com.fasterxml.jackson.core\jackson-annotations\2.8.0\45b426f7796b741035581a176744d91090e2e6fb\jackson-annotations-2.8.0.jar;C:\Users\hassed\.gradle\caches\modules-2\files-2.1\com.fasterxml.jackson.core\jackson-core\2.8.10\eb21a035c66ad307e66ec8fce37f5d50fd62d039\jackson-core-2.8.10.jar;C:\Users\hassed\.gradle\caches\modules-2\files-2.1\net.minidev\json-smart\2.2.1\5b9e5df7a62d1279b70dc882b041d249c4f0b002\json-smart-2.2.1.jar;C:\Users\hassed\.gradle\caches\modules-2\files-2.1\org.objenesis\objenesis\2.1\87c0ea803b69252868d09308b4618f766f135a96\objenesis-2.1.jar;C:\Users\hassed\.gradle\caches\modules-2\files-2.1\com.vaadin.external.google\android-json\0.0.20131108.vaadin1\fa26d351fe62a6a17f5cda1287c1c6110dec413f\android-json-0.0.20131108.vaadin1.jar;C:\Users\hassed\.gradle\caches\modules-2\files-2.1\org.apache.tomcat\tomcat-juli\8.5.27\583a08f2f59c6abdd86833b572b9a2f55e61a0f2\tomcat-juli-8.5.27.jar;C:\Users\hassed\.gradle\caches\modules-2\files-2.1\org.apache.tomcat\tomcat-annotations-api\8.5.27\122c0a4acaba72bf4590e83c9fbcb3475c46edc5\tomcat-annotations-api-8.5.27.jar;C:\Users\hassed\.gradle\caches\modules-2\files-2.1\ch.qos.logback\logback-core\1.1.11\88b8df40340eed549fb07e2613879bf6b006704d\logback-core-1.1.11.jar;C:\Users\hassed\.gradle\caches\modules-2\files-2.1\net.bytebuddy\byte-buddy\1.7.9\51218a01a882c04d0aba8c028179cce488bbcb58\byte-buddy-1.7.9.jar;C:\Users\hassed\.gradle\caches\modules-2\files-2.1\net.minidev\accessors-smart\1.1\a527213f2fea112a04c9bdf0ec0264e34104cd08\accessors-smart-1.1.jar;C:\Users\hassed\.gradle\caches\modules-2\files-2.1\org.ow2.asm\asm\5.0.3\dcc2193db20e19e1feca8b1240dbbc4e190824fa\asm-5.0.3.jar, user.name=HASSED, java.vm.specification.version=1.8, sun.java.command=worker.org.gradle.process.internal.worker.GradleWorkerMain 'Gradle Test Executor 1', java.home=C:\Program Files\Java\jdk1.8.0_101\jre, sun.arch.data.model=64, user.language=de, java.specification.vendor=Oracle Corporation, awt.toolkit=sun.awt.windows.WToolkit, java.vm.info=mixed mode, java.version=1.8.0_101, java.ext.dirs=C:\Program Files\Java\jdk1.8.0_101\jre\lib\ext;C:\Windows\Sun\Java\lib\ext, sun.boot.class.path=C:\Program Files\Java\jdk1.8.0_101\jre\lib\resources.jar;C:\Program Files\Java\jdk1.8.0_101\jre\lib\rt.jar;C:\Program Files\Java\jdk1.8.0_101\jre\lib\sunrsasign.jar;C:\Program Files\Java\jdk1.8.0_101\jre\lib\jsse.jar;C:\Program Files\Java\jdk1.8.0_101\jre\lib\jce.jar;C:\Program Files\Java\jdk1.8.0_101\jre\lib\charsets.jar;C:\Program Files\Java\jdk1.8.0_101\jre\lib\jfr.jar;C:\Program Files\Java\jdk1.8.0_101\jre\classes, java.vendor=Oracle Corporation, org.gradle.test.worker=1, file.separator=\, java.vendor.url.bug=http://bugreport.sun.com/bugreport/, sun.io.unicode.encoding=UnicodeLittle, sun.cpu.endian=little, sun.desktop=windows, sun.cpu.isalist=amd64}}, SystemEnvironmentPropertySource@796645392 {name='systemEnvironment', properties={PATH=C:\Users\hassed\bin;C:\Program Files\Git\mingw64\bin;C:\Program Files\Git\usr\local\bin;C:\Program Files\Git\usr\bin;C:\Program Files\Git\usr\bin;C:\Program Files\Git\mingw64\bin;C:\Program Files\Git\usr\bin;C:\Users\hassed\bin;C:\ProgramData\Oracle\Java\javapath;C:\Program Files (x86)\Intel\iCLS Client;C:\Program Files\Intel\iCLS Client;C:\Windows\system32;C:\Windows;C:\Windows\System32\Wbem;C:\Windows\System32\WindowsPowerShell\v1.0;C:\Program Files (x86)\Intel\Intel(R) Management Engine Components\DAL;C:\Program Files\Intel\Intel(R) Management Engine Components\DAL;C:\Program Files (x86)\Intel\Intel(R) Management Engine Components\IPT;C:\Program Files\Intel\Intel(R) Management Engine Components\IPT;C:\Program Files\Git\cmd;C:\Users\hassed\Desktop\Studium\Projects\Standort_App_Frankfurt\API\API_Test\Exchange\apache-maven-3.5.0\bin;C:\Program Files (x86)\GtkSharp\2.12\bin;C:\Go\bin;C:\Program Files\apache-maven-3.5.2\bin;C:\Program Files\nodejs;C:\Program Files (x86)\Microsoft VS Code\bin;C:\Program Files\apache-maven-3.5.2\bin;C:\Users\hassed\AppData\Roaming\npm;C:\Program Files\Heroku\bin;C:\Program Files\Git\usr\bin\vendor_perl;C:\Program Files\Git\usr\bin\core_perl, PKG_CONFIG_PATH=C:\Program Files\Git\mingw64\lib\pkgconfig;C:\Program Files\Git\mingw64\share\pkgconfig, MSYSTEM_PREFIX=C:/Program Files/Git/mingw64, PROCESSOR_LEVEL=6, SYSTEMDRIVE=C:, CONFIG_SITE=C:/Program Files/Git/mingw64/etc/config.site, FP_NO_HOST_CHECK=NO, ALLUSERSPROFILE=C:\ProgramData, PROCESSOR_ARCHITECTURE=AMD64, MSYSTEM_CHOST=x86_64-w64-mingw32, PS1=\[\033]0;$TITLEPREFIX:${PWD//[^[:ascii:]]/?}\007\]\n\[\033[32m\]\u@\h \[\033[35m\]$MSYSTEM \[\033[33m\]\w\[\033[36m\]`__git_ps1`\[\033[0m\]\n$ , PSModulePath=C:\Windows\system32\WindowsPowerShell\v1.0\Modules\, ARISHOME71=C:\Program Files\ARIS7.1\, DEFLOGDIR=C:\ProgramData\McAfee\DesktopProtection, MAVEN_HOME=C:\Program Files\apache-maven-3.5.2, ORIGINAL_TEMP=C:/Users/hassed/AppData/Local/Temp, PROGRAMFILES=C:\Program Files, DIRNAME=C:\Users\hassed\Desktop\Studium\Uni\4\Webbassierte Datenbankanwendung\leftloversUserService\, USERNAME=HASSED, USERDNSDOMAIN=DE.SOFTLAB.NET, PWD=C:/Users/hassed/Desktop/Studium/Uni/4/Webbassierte Datenbankanwendung/leftloversUserService, CMD_LINE_ARGS=stage, ProgramFiles(x86)=C:\Program Files (x86), INFOPATH=C:\Program Files\Git\usr\local\info;C:\Program Files\Git\usr\share\info;C:\Program Files\Git\usr\info;C:\Program Files\Git\share\info, APP_HOME=C:\Users\hassed\Desktop\Studium\Uni\4\Webbassierte Datenbankanwendung\leftloversUserService\, PATHEXT=.COM;.EXE;.BAT;.CMD;.VBS;.VBE;.JS;.JSE;.WSF;.WSH;.MSC, SHELL=C:\Program Files\Git\usr\bin\bash.exe, ORIGINAL_TMP=C:/Users/hassed/AppData/Local/Temp, TMPDIR=C:\Users\hassed\AppData\Local\Temp, WINDIR=C:\Windows, ProgramData=C:\ProgramData, ProgramW6432=C:\Program Files, SSH_ASKPASS=C:/Program Files/Git/mingw64/libexec/git-core/git-gui--askpass, HOMEPATH=\Users\hassed, PROCESSOR_IDENTIFIER=Intel64 Family 6 Model 78 Stepping 3, GenuineIntel, PUBLIC=C:\Users\Public, MINGW_CHOST=x86_64-w64-mingw32, =::=::\, EXEPATH=C:\Program Files\Git, SHLVL=1, _SKIP=2, LOCALAPPDATA=C:\Users\hassed\AppData\Local, ORIGINAL_PATH=C:\Program Files\Git\mingw64\bin;C:\Program Files\Git\usr\bin;C:\Users\hassed\bin;C:\ProgramData\Oracle\Java\javapath;C:\Program Files (x86)\Intel\iCLS Client;C:\Program Files\Intel\iCLS Client;C:\Windows\system32;C:\Windows;C:\Windows\System32\Wbem;C:\Windows\System32\WindowsPowerShell\v1.0;C:\Program Files (x86)\Intel\Intel(R) Management Engine Components\DAL;C:\Program Files\Intel\Intel(R) Management Engine Components\DAL;C:\Program Files (x86)\Intel\Intel(R) Management Engine Components\IPT;C:\Program Files\Intel\Intel(R) Management Engine Components\IPT;C:\Program Files\Git\cmd;C:\Users\hassed\Desktop\Studium\Projects\Standort_App_Frankfurt\API\API_Test\Exchange\apache-maven-3.5.0\bin;C:\Program Files (x86)\GtkSharp\2.12\bin;C:\Go\bin;C:\Program Files\apache-maven-3.5.2\bin;C:\Program Files\nodejs;C:\Program Files (x86)\Microsoft VS Code\bin;C:\Program Files\apache-maven-3.5.2\bin;C:\Users\hassed\AppData\Roaming\npm;C:\Program Files\Heroku\bin, MANPATH=C:\Program Files\Git\mingw64\share\man;C:\Program Files\Git\usr\local\man;C:\Program Files\Git\usr\share\man;C:\Program Files\Git\usr\man;C:\Program Files\Git\share\man, MINGW_PACKAGE_PREFIX=mingw-w64-x86_64, USERDOMAIN=SOFTLAB, LOGONSERVER=\\MUC-DC-01, JAVA_HOME=C:\Program Files\Java\jdk1.8.0_101, LDMS_LOCAL_DIR=C:\Program Files (x86)\LANDesk\LDClient\Data, PLINK_PROTOCOL=ssh, PROMPT=$P$G, TERM=xterm, LANG=de_DE.UTF-8, SAPLOGON_INI_FILE=C:\Windows\saplogon.ini, MINGW_PREFIX=C:/Program Files/Git/mingw64, DISPLAY=needs-to-be-defined, MSYSTEM=MINGW64, =C:=C:\Users\hassed\Desktop\Studium\Uni\4\Webbassierte Datenbankanwendung\leftloversUserService, APPDATA=C:\Users\hassed\AppData\Roaming, GTK_BASEPATH=C:\Program Files (x86)\GtkSharp\2.12\, SYSTEMROOT=C:\Windows, JAVA_EXE=C:\Program Files\Java\jdk1.8.0_101/bin/java.exe, VSEDEFLOGDIR=C:\ProgramData\McAfee\DesktopProtection, windows_tracing_logfile=C:\BVTBin\Tests\installpackage\csilogfile.log, VBOX_MSI_INSTALL_PATH=C:\Program Files\Oracle\VirtualBox\, _=./gradlew.bat, OS=Windows_NT, windows_tracing_flags=3, COMPUTERNAME=PC46678, COMMONPROGRAMFILES=C:\Program Files\Common Files, COMSPEC=C:\Windows\system32\cmd.exe, PROCESSOR_REVISION=4e03, CLASSPATH=C:\Users\hassed\Desktop\Studium\Uni\4\Webbassierte Datenbankanwendung\leftloversUserService\\gradle\wrapper\gradle-wrapper.jar, CommonProgramW6432=C:\Program Files\Common Files, GOROOT=C:\Go\, ACLOCAL_PATH=C:\Program Files\Git\mingw64\share\aclocal;C:\Program Files\Git\usr\share\aclocal, UATDATA=C:\Windows\CCM\UATData\D9F8C395-CAB8-491d-B8AC-179A1FE1BE77, APP_BASE_NAME=gradlew, MSYSTEM_CARCH=x86_64, TEMP=C:\Users\hassed\AppData\Local\Temp, HOSTNAME=PC46678, HOMEDRIVE=C:, SNC_LIB=C:\Windows\gssntlm.dll, USERPROFILE=C:\Users\hassed, TMP=C:\Users\hassed\AppData\Local\Temp, CommonProgramFiles(x86)=C:\Program Files (x86)\Common Files, NUMBER_OF_PROCESSORS=4, HOME=C:\Users\hassed}}]
13:32:38.124 [Test worker] DEBUG org.springframework.core.env.MutablePropertySources - Adding PropertySource 'inline' with highest search precedence
13:32:38.132 [Test worker] DEBUG org.springframework.test.context.support.TestPropertySourceUtils - Adding inlined properties to environment: {spring.jmx.enabled=false, org.springframework.boot.test.context.SpringBootTestContextBootstrapper=true, server.port=-1}
13:32:38.132 [Test worker] DEBUG org.springframework.core.env.StandardEnvironment - Adding PropertySource 'Inlined Test Properties' with highest search precedence

  .   ____          _            __ _ _
 /\\ / ___'_ __ _ _(_)_ __  __ _ \ \ \ \
( ( )\___ | '_ | '_| | '_ \/ _` | \ \ \ \
 \\/  ___)| |_)| | | | | || (_| |  ) ) ) )
  '  |____| .__|_| |_|_| |_\__, | / / / /
 =========|_|==============|___/=/_/_/_/
 :: Spring Boot ::       (v1.5.10.RELEASE)

2018-03-14 13:32:38.556  INFO 12520 --- [    Test worker] d.l.service.uaa.UaaApplicationTests      : Starting UaaApplicationTests on PC46678 with PID 12520 (started by HASSED in C:\Users\hassed\Desktop\Studium\Uni\4\Webbassierte Datenbankanwendung\leftloversUserService)
2018-03-14 13:32:38.557  INFO 12520 --- [    Test worker] d.l.service.uaa.UaaApplicationTests      : No active profile set, falling back to default profiles: default
2018-03-14 13:32:38.664  INFO 12520 --- [    Test worker] o.s.w.c.s.GenericWebApplicationContext   : Refreshing org.springframework.web.context.support.GenericWebApplicationContext@431916f2: startup date [Wed Mar 14 13:32:38 CET 2018]; root of context hierarchy
2018-03-14 13:32:40.625  INFO 12520 --- [    Test worker] trationDelegate$BeanPostProcessorChecker : Bean 'org.springframework.transaction.annotation.ProxyTransactionManagementConfiguration' of type [org.springframework.transaction.annotation.ProxyTransactionManagementConfiguration$$EnhancerBySpringCGLIB$$9a4223c3] is not eligible for getting processed by all BeanPostProcessors (for example: not eligible for auto-proxying)
2018-03-14 13:32:41.516  INFO 12520 --- [    Test worker] j.LocalContainerEntityManagerFactoryBean : Building JPA container EntityManagerFactory for persistence unit 'default'
2018-03-14 13:32:41.539  INFO 12520 --- [    Test worker] o.hibernate.jpa.internal.util.LogHelper  : HHH000204: Processing PersistenceUnitInfo [
	name: default
	...]
2018-03-14 13:32:41.649  INFO 12520 --- [    Test worker] org.hibernate.Version                    : HHH000412: Hibernate Core {5.0.12.Final}
2018-03-14 13:32:41.651  INFO 12520 --- [    Test worker] org.hibernate.cfg.Environment            : HHH000206: hibernate.properties not found
2018-03-14 13:32:41.653  INFO 12520 --- [    Test worker] org.hibernate.cfg.Environment            : HHH000021: Bytecode provider name : javassist
2018-03-14 13:32:41.723  INFO 12520 --- [    Test worker] o.hibernate.annotations.common.Version   : HCANN000001: Hibernate Commons Annotations {5.0.1.Final}
2018-03-14 13:32:41.882  INFO 12520 --- [    Test worker] org.hibernate.dialect.Dialect            : HHH000400: Using dialect: org.hibernate.dialect.H2Dialect
2018-03-14 13:32:42.570  INFO 12520 --- [    Test worker] org.hibernate.tool.hbm2ddl.SchemaExport  : HHH000227: Running hbm2ddl schema export
2018-03-14 13:32:42.585  INFO 12520 --- [    Test worker] org.hibernate.tool.hbm2ddl.SchemaExport  : HHH000230: Schema export complete
2018-03-14 13:32:42.632  INFO 12520 --- [    Test worker] j.LocalContainerEntityManagerFactoryBean : Initialized JPA EntityManagerFactory for persistence unit 'default'
2018-03-14 13:32:43.641  INFO 12520 --- [    Test worker] o.s.s.web.DefaultSecurityFilterChain     : Creating filter chain: org.springframework.security.web.util.matcher.AnyRequestMatcher@1, [org.springframework.security.web.context.request.async.WebAsyncManagerIntegrationFilter@cd52275, org.springframework.security.web.context.SecurityContextPersistenceFilter@3030d16e, org.springframework.security.web.header.HeaderWriterFilter@584215a3, org.springframework.web.filter.CorsFilter@4017efa6, org.springframework.security.web.authentication.logout.LogoutFilter@7e48aa2d, dhbw.leftlovers.service.uaa.security.JWTAuthenticationFilter@5e6da13d, dhbw.leftlovers.service.uaa.security.JWTAuthorizationFilter@4577a75, org.springframework.security.web.savedrequest.RequestCacheAwareFilter@471a5bb0, org.springframework.security.web.servletapi.SecurityContextHolderAwareRequestFilter@717b0b6e, org.springframework.security.web.authentication.AnonymousAuthenticationFilter@21342600, org.springframework.security.web.session.SessionManagementFilter@6f5da7cc, org.springframework.security.web.access.ExceptionTranslationFilter@26394bb7, org.springframework.security.web.access.intercept.FilterSecurityInterceptor@44d8aad9]
2018-03-14 13:32:44.458  INFO 12520 --- [    Test worker] s.w.s.m.m.a.RequestMappingHandlerAdapter : Looking for @ControllerAdvice: org.springframework.web.context.support.GenericWebApplicationContext@431916f2: startup date [Wed Mar 14 13:32:38 CET 2018]; root of context hierarchy
2018-03-14 13:32:44.600  INFO 12520 --- [    Test worker] s.w.s.m.m.a.RequestMappingHandlerMapping : Mapped "{[/UAAService/signup],methods=[POST]}" onto org.springframework.http.ResponseEntity<?> dhbw.leftlovers.service.uaa.controller.UserController.signUp(dhbw.leftlovers.service.uaa.entity.User)
2018-03-14 13:32:44.606  INFO 12520 --- [    Test worker] s.w.s.m.m.a.RequestMappingHandlerMapping : Mapped "{[/error]}" onto public org.springframework.http.ResponseEntity<java.util.Map<java.lang.String, java.lang.Object>> org.springframework.boot.autoconfigure.web.BasicErrorController.error(javax.servlet.http.HttpServletRequest)
2018-03-14 13:32:44.607  INFO 12520 --- [    Test worker] s.w.s.m.m.a.RequestMappingHandlerMapping : Mapped "{[/error],produces=[text/html]}" onto public org.springframework.web.servlet.ModelAndView org.springframework.boot.autoconfigure.web.BasicErrorController.errorHtml(javax.servlet.http.HttpServletRequest,javax.servlet.http.HttpServletResponse)
2018-03-14 13:32:44.665  INFO 12520 --- [    Test worker] o.s.w.s.handler.SimpleUrlHandlerMapping  : Mapped URL path [/webjars/**] onto handler of type [class org.springframework.web.servlet.resource.ResourceHttpRequestHandler]
2018-03-14 13:32:44.672  INFO 12520 --- [    Test worker] o.s.w.s.handler.SimpleUrlHandlerMapping  : Mapped URL path [/**] onto handler of type [class org.springframework.web.servlet.resource.ResourceHttpRequestHandler]
2018-03-14 13:32:44.730  INFO 12520 --- [    Test worker] o.s.w.s.handler.SimpleUrlHandlerMapping  : Mapped URL path [/**/favicon.ico] onto handler of type [class org.springframework.web.servlet.resource.ResourceHttpRequestHandler]
2018-03-14 13:32:45.292  INFO 12520 --- [    Test worker] d.l.service.uaa.UaaApplicationTests      : Started UaaApplicationTests in 7.144 seconds (JVM running for 8.919)
]]></system-out>
  <system-err><![CDATA[]]></system-err>
</testsuite>
